* installing *source* package ‘packrat’ ...
** package ‘packrat’ successfully unpacked and MD5 sums checked
** using staged installation
** R
** inst
** byte-compile and prepare package for lazy loading
** help
*** installing help indices
** building package indices
** testing if installed package can be loaded from temporary location
** testing if installed package can be loaded from final location
** testing if installed package keeps a record of temporary installation path
* DONE (packrat)
Installing Rcpp (0.11.6) ... [1] "Command failed (1)\n\nFailed to run system command:\n\n\t'/usr/lib/R/bin/R' --vanilla CMD INSTALL '/tmp/RtmpWbIFTU/Rcpp' --library='/home/robin/Documents/DECoN-master/Linux/packrat/lib/x86_64-pc-linux-gnu/4.0.4' --install-tests --no-docs --no-multiarch --no-demo \n\nThe command failed with output:\n* installing *source* package 'Rcpp' ...\n** package 'Rcpp' successfully unpacked and MD5 sums checked\n** using staged installation\n** libs\ng++ -std=gnu++11 -I\"/usr/share/R/include\" -DNDEBUG -I../inst/include/     -fpic  -g -O2 -fdebug-prefix-map=/build/r-base-fhxXXR/r-base-4.0.4=. -fstack-protector-strong -Wformat -Werror=format-security -Wdate-time -D_FORTIFY_SOURCE=2 -g  -c Date.cpp -o Date.o\nIn file included from ../inst/include/Rcpp/Module.h:335,\n                 from ../inst/include/Rcpp.h:64,\n                 from Date.cpp:31:\n../inst/include/Rcpp/module/Module_Property.h:103:41: warning: dynamic exception specifications are deprecated in C++11 [-Wdeprecated]\n  103 |     void set(Class* object, SEXP value) throw(std::range_error,Rcpp::not_compatible){\n      |                                         ^~~~~\n../inst/include/Rcpp/module/Module_Property.h:161:41: warning: dynamic exception specifications are deprecated in C++11 [-Wdeprecated]\n  161 |     void set(Class* object, SEXP value) throw(std::range_error,Rcpp::not_compatible){\n      |                                         ^~~~~\nIn file included from ../inst/include/Rcpp.h:73,\n                 from Date.cpp:31:\n../inst/include/Rcpp/Rmath.h: In function 'double R::pythag(double, double)':\n../inst/include/Rcpp/Rmath.h:222:57: error: '::Rf_pythag' has not been declared; did you mean 'pythag'?\n  222 |     inline double pythag(double a, double b) { return ::Rf_pythag(a, b); }\n      |                                                         ^~~~~~~~~\n      |                                                         pythag\nmake: *** [/usr/lib/R/etc/Makeconf:181: Date.o] Error 1\nERROR: compilation failed for package 'Rcpp'\n* removing '/home/robin/Documents/DECoN-master/Linux/packrat/lib/x86_64-pc-linux-gnu/4.0.4/Rcpp'"
Error: Command failed (1)

Failed to run system command:

	'/usr/lib/R/bin/R' --vanilla CMD INSTALL '/tmp/RtmpWbIFTU/Rcpp' --library='/home/robin/Documents/DECoN-master/Linux/packrat/lib/x86_64-pc-linux-gnu/4.0.4' --install-tests --no-docs --no-multiarch --no-demo 

The command failed with output:
* installing *source* package 'Rcpp' ...
** package 'Rcpp' successfully unpacked and MD5 sums checked
** using staged installation
** libs
g++ -std=gnu++11 -I"/usr/share/R/include" -DNDEBUG -I../inst/include/     -fpic  -g -O2 -fdebug-prefix-map=/build/r-base-fhxXXR/r-base-4.0.4=. -fstack-protector-strong -Wformat -Werror=format-security -Wdate-time -D_FORTIFY_SOURCE=2 -g  -c Date.cpp -o Date.o
In file included from ../inst/include/Rcpp/Module.h:335,
                 from ../inst/include/Rcpp.h:64,
                 from Date.cpp:31:
../inst/include/Rcpp/module/Module_Property.h:103:41: warning: dynamic exception specifications are deprecated in C++11 [-Wdeprecated]
  103 |     void set(Class
In addition: Warning messages:
1: In packrat::restore() :
  The most recent snapshot was generated using R version 3.1.2
2: untar(compressed=) is deprecated 
3: untar(compressed=) is deprecated 
Execution halted
